<?xml version="1.0" encoding="UTF-8"?>
<!-- Generated by org.testng.reporters.JUnitReportReporter -->
<testsuite skipped="0" hostname="LAPTOP-6P4CQ5M9" name="com.crm.qa.testcases.ContactsPageTest" tests="4" failures="0" timestamp="11 Oct 2018 15:28:37 GMT" time="228.949" errors="0">
  <testcase name="validateNewCreateContact" time="65.942" classname="com.crm.qa.testcases.ContactsPageTest"/>
  <testcase name="validateNewCreateContact" time="52.478" classname="com.crm.qa.testcases.ContactsPageTest"/>
  <testcase name="validateNewCreateContact" time="56.503" classname="com.crm.qa.testcases.ContactsPageTest"/>
  <testcase name="selectContactsNameTest" time="54.026" classname="com.crm.qa.testcases.ContactsPageTest"/>
</testsuite> <!-- com.crm.qa.testcases.ContactsPageTest -->
