<?xml version="1.0" encoding="UTF-8"?>
<!-- Generated by org.testng.reporters.JUnitReportReporter -->
<testsuite skipped="0" hostname="LAPTOP-6P4CQ5M9" name="com.crm.qa.testcases.LoginPageTest" tests="1" failures="0" timestamp="13 Oct 2018 10:40:30 GMT" time="43.544" errors="0">
  <testcase name="LoginPageTitleTest" time="43.544" classname="com.crm.qa.testcases.LoginPageTest"/>
</testsuite> <!-- com.crm.qa.testcases.LoginPageTest -->
