<?xml version="1.0" encoding="UTF-8"?>
<!-- Generated by org.testng.reporters.JUnitReportReporter -->
<testsuite skipped="0" hostname="LAPTOP-6P4CQ5M9" name="com.crm.qa.testcases.LoginPageTest" tests="1" failures="0" timestamp="23 Sep 2018 17:50:33 GMT" time="4.660" errors="0">
  <testcase name="LoginPageTitleTest" time="4.660" classname="com.crm.qa.testcases.LoginPageTest"/>
</testsuite> <!-- com.crm.qa.testcases.LoginPageTest -->
